0 info it worked if it ends with ok
1 verbose cli [ 'C:\\nodejs\\\\node.exe',
1 verbose cli   'C:\\nodejs\\node_modules\\npm\\bin\\npm-cli.js',
1 verbose cli   'update',
1 verbose cli   '-g',
1 verbose cli   'npm' ]
2 info using npm@1.4.28
3 info using node@v0.10.32
4 verbose node symlink C:\nodejs\\node.exe
5 info outdated updating []
6 error Failed to parse json
6 error Unexpected end of input
7 error File: C:\Users\bnns\AppData\Roaming\npm\node_modules\imagemin\node_modules\imagemin-gifsicle\node_modules\gifsicle\node_modules\bin-wrapper\node_modules\is-path-global\node_modules\is-path-inside\node_modules\path-is-inside\package.json
8 error Failed to parse package.json data.
8 error package.json must be actual JSON, not just JavaScript.
8 error
8 error This is not a bug in npm.
8 error Tell the package author to fix their package.json file. JSON.parse
9 error System Windows_NT 6.2.9200
10 error command "C:\\nodejs\\\\node.exe" "C:\\nodejs\\node_modules\\npm\\bin\\npm-cli.js" "update" "-g" "npm"
11 error cwd C:\Users\bnns\project\stp
12 error node -v v0.10.32
13 error npm -v 1.4.28
14 error file C:\Users\bnns\AppData\Roaming\npm\node_modules\imagemin\node_modules\imagemin-gifsicle\node_modules\gifsicle\node_modules\bin-wrapper\node_modules\is-path-global\node_modules\is-path-inside\node_modules\path-is-inside\package.json
15 error code EJSONPARSE
16 verbose exit [ 1, true ]
